Added Component: Designator=Arduino1(Arduino Nano)
Added Component: Designator=C1(JP4-C1T)
Added Component: Designator=C2(JP2-D1T)
Added Component: Designator=LED1(LED-5-Yellow)
Added Component: Designator=LED2(LED-5-Yellow)
Added Component: Designator=LED3(LED-5-Yellow)
Added Component: Designator=LED4(LED-5-Yellow)
Added Component: Designator=LED5(LED-5-Yellow)
Added Component: Designator=R1(RES-1/4WD)
Added Component: Designator=R2(RES-1/4WD)
Added Component: Designator=R3(RES-1/4WD)
Added Component: Designator=R4(RES-1/4WD)
Added Component: Designator=R5(RES-1/4WD)
Added Component: Designator=U1(MODULE_RA-02_LORA)
Added Component: Designator=U2(ESP8266)
Added Pin To Net: NetName=3V Pin=Arduino1-3V3
Added Pin To Net: NetName=VCC Pin=Arduino1-5V
Added Pin To Net: NetName=A0 Pin=Arduino1-A0
Added Pin To Net: NetName=A1 Pin=Arduino1-A1
Added Pin To Net: NetName=A2 Pin=Arduino1-A2
Added Pin To Net: NetName=A3 Pin=Arduino1-A3
Added Pin To Net: NetName=A4 Pin=Arduino1-A4
Added Pin To Net: NetName=A5 Pin=Arduino1-A5
Added Pin To Net: NetName=A6 Pin=Arduino1-A6
Added Pin To Net: NetName=A7 Pin=Arduino1-A7
Added Pin To Net: NetName=DI0 Pin=Arduino1-D2
Added Pin To Net: NetName=D3 Pin=Arduino1-D3
Added Pin To Net: NetName=D4 Pin=Arduino1-D4
Added Pin To Net: NetName=D5 Pin=Arduino1-D5
Added Pin To Net: NetName=D6 Pin=Arduino1-D6
Added Pin To Net: NetName=D7 Pin=Arduino1-D7
Added Pin To Net: NetName=D8 Pin=Arduino1-D8
Added Pin To Net: NetName=RS Pin=Arduino1-D9
Added Pin To Net: NetName=NSS Pin=Arduino1-D10
Added Pin To Net: NetName=MOSI Pin=Arduino1-D11
Added Pin To Net: NetName=MISO Pin=Arduino1-D12
Added Pin To Net: NetName=SCK Pin=Arduino1-D13
Added Pin To Net: NetName=GND Pin=Arduino1-GND
Added Pin To Net: NetName=GND Pin=Arduino1-GND
Added Pin To Net: NetName=RESET Pin=Arduino1-RST
Added Pin To Net: NetName=RESET Pin=Arduino1-RST
Added Pin To Net: NetName=GND Pin=C1-1
Added Pin To Net: NetName=RESET Pin=C1-2
Added Pin To Net: NetName=D3 Pin=C1-3
Added Pin To Net: NetName=D4 Pin=C1-4
Added Pin To Net: NetName=GND Pin=C2-2
Added Pin To Net: NetName=NetLED1_1 Pin=LED1-1
Added Pin To Net: NetName=GND Pin=LED1-2
Added Pin To Net: NetName=NetLED2_1 Pin=LED2-1
Added Pin To Net: NetName=GND Pin=LED2-2
Added Pin To Net: NetName=NetLED3_1 Pin=LED3-1
Added Pin To Net: NetName=GND Pin=LED3-2
Added Pin To Net: NetName=NetLED4_1 Pin=LED4-1
Added Pin To Net: NetName=GND Pin=LED4-2
Added Pin To Net: NetName=NetLED5_1 Pin=LED5-1
Added Pin To Net: NetName=GND Pin=LED5-2
Added Pin To Net: NetName=A0 Pin=R1-1
Added Pin To Net: NetName=NetLED1_1 Pin=R1-2
Added Pin To Net: NetName=A1 Pin=R2-1
Added Pin To Net: NetName=NetLED2_1 Pin=R2-2
Added Pin To Net: NetName=A2 Pin=R3-1
Added Pin To Net: NetName=NetLED3_1 Pin=R3-2
Added Pin To Net: NetName=A3 Pin=R4-1
Added Pin To Net: NetName=NetLED4_1 Pin=R4-2
Added Pin To Net: NetName=A4 Pin=R5-1
Added Pin To Net: NetName=NetLED5_1 Pin=R5-2
Added Pin To Net: NetName=GND Pin=U1-1
Added Pin To Net: NetName=GND Pin=U1-2
Added Pin To Net: NetName=3V Pin=U1-3
Added Pin To Net: NetName=RS Pin=U1-4
Added Pin To Net: NetName=DI0 Pin=U1-5
Added Pin To Net: NetName=GND Pin=U1-9
Added Pin To Net: NetName=SCK Pin=U1-12
Added Pin To Net: NetName=MISO Pin=U1-13
Added Pin To Net: NetName=MOSI Pin=U1-14
Added Pin To Net: NetName=NSS Pin=U1-15
Added Pin To Net: NetName=GND Pin=U1-16
Added Pin To Net: NetName=D4 Pin=U2-1
Added Pin To Net: NetName=3V Pin=U2-2
Added Pin To Net: NetName=RESET Pin=U2-3
Added Pin To Net: NetName=3V Pin=U2-4
Added Pin To Net: NetName=D3 Pin=U2-5
Added Pin To Net: NetName=GND Pin=U2-8
Added Pin To Net: NetName=NetC2_1 Pin=C2-1
Added Pin To Net: NetName=NetC2_1 Pin=U2-6
Added Net: Name=NetC2_1
Added Member To Class: ClassName=Sheet2 Member=Component Arduino1 Arduino Nano
Added Member To Class: ClassName=Sheet2 Member=Component C1 JP4
Added Member To Class: ClassName=Sheet2 Member=Component C2 JP2
Added Member To Class: ClassName=Sheet2 Member=Component LED1 LED
Added Member To Class: ClassName=Sheet2 Member=Component LED2 LED
Added Member To Class: ClassName=Sheet2 Member=Component LED3 LED
Added Member To Class: ClassName=Sheet2 Member=Component LED4 LED
Added Member To Class: ClassName=Sheet2 Member=Component LED5 LED
Added Member To Class: ClassName=Sheet2 Member=Component R1 Res
Added Member To Class: ClassName=Sheet2 Member=Component R2 Res
Added Member To Class: ClassName=Sheet2 Member=Component R3 Res
Added Member To Class: ClassName=Sheet2 Member=Component R4 Res
Added Member To Class: ClassName=Sheet2 Member=Component R5 Res
Added Member To Class: ClassName=Sheet2 Member=Component U1 RA-02_LORA
Added Member To Class: ClassName=Sheet2 Member=Component U2 ESP-01
Added Room: Name=Sheet2
