Added Component: Designator=Arduino1(Arduino Nano)
Added Component: Designator=C1(JP2-D1T)
Added Component: Designator=LED1(LED-5-Yellow)
Added Component: Designator=LED2(LED-5-Yellow)
Added Component: Designator=LED3(LED-5-Yellow)
Added Component: Designator=LED4(LED-5-Yellow)
Added Component: Designator=LED5(LED-5-Yellow)
Added Component: Designator=R1(RES-1/4WD)
Added Component: Designator=R2(RES-1/4WD)
Added Component: Designator=R3(RES-1/4WD)
Added Component: Designator=R4(RES-1/4WD)
Added Component: Designator=R5(RES-1/4WD)
Added Component: Designator=U1(MODULE_RA-02_LORA)
Added Component: Designator=U2(ESP8266)
Added Pin To Net: NetName=3V Pin=Arduino1-3V3
Added Pin To Net: NetName=3V Pin=U1-3
Added Pin To Net: NetName=3V Pin=U2-2
Added Pin To Net: NetName=3V Pin=U2-4
Added Net: Name=3V
Added Pin To Net: NetName=A0 Pin=Arduino1-A0
Added Pin To Net: NetName=A0 Pin=R1-1
Added Net: Name=A0
Added Pin To Net: NetName=A1 Pin=Arduino1-A1
Added Pin To Net: NetName=A1 Pin=R2-1
Added Net: Name=A1
Added Pin To Net: NetName=A2 Pin=Arduino1-A2
Added Pin To Net: NetName=A2 Pin=R3-1
Added Net: Name=A2
Added Pin To Net: NetName=A3 Pin=Arduino1-A3
Added Pin To Net: NetName=A3 Pin=R4-1
Added Net: Name=A3
Added Pin To Net: NetName=A4 Pin=Arduino1-A4
Added Pin To Net: NetName=A4 Pin=R5-1
Added Net: Name=A4
Added Pin To Net: NetName=A5 Pin=Arduino1-A5
Added Net: Name=A5
Added Pin To Net: NetName=A6 Pin=Arduino1-A6
Added Net: Name=A6
Added Pin To Net: NetName=A7 Pin=Arduino1-A7
Added Net: Name=A7
Added Pin To Net: NetName=D3 Pin=Arduino1-D3
Added Pin To Net: NetName=D3 Pin=U2-5
Added Net: Name=D3
Added Pin To Net: NetName=D4 Pin=Arduino1-D4
Added Pin To Net: NetName=D4 Pin=U2-1
Added Net: Name=D4
Added Pin To Net: NetName=D5 Pin=Arduino1-D5
Added Net: Name=D5
Added Pin To Net: NetName=D6 Pin=Arduino1-D6
Added Net: Name=D6
Added Pin To Net: NetName=D7 Pin=Arduino1-D7
Added Net: Name=D7
Added Pin To Net: NetName=D8 Pin=Arduino1-D8
Added Net: Name=D8
Added Pin To Net: NetName=DI0 Pin=Arduino1-D2
Added Pin To Net: NetName=DI0 Pin=U1-5
Added Net: Name=DI0
Added Pin To Net: NetName=GND Pin=Arduino1-GND
Added Pin To Net: NetName=GND Pin=Arduino1-GND
Added Pin To Net: NetName=GND Pin=C1-2
Added Pin To Net: NetName=GND Pin=LED1-2
Added Pin To Net: NetName=GND Pin=LED2-2
Added Pin To Net: NetName=GND Pin=LED3-2
Added Pin To Net: NetName=GND Pin=LED4-2
Added Pin To Net: NetName=GND Pin=LED5-2
Added Pin To Net: NetName=GND Pin=U1-1
Added Pin To Net: NetName=GND Pin=U1-2
Added Pin To Net: NetName=GND Pin=U1-9
Added Pin To Net: NetName=GND Pin=U1-16
Added Pin To Net: NetName=GND Pin=U2-8
Added Net: Name=GND
Added Pin To Net: NetName=MISO Pin=Arduino1-D12
Added Pin To Net: NetName=MISO Pin=U1-13
Added Net: Name=MISO
Added Pin To Net: NetName=MOSI Pin=Arduino1-D11
Added Pin To Net: NetName=MOSI Pin=U1-14
Added Net: Name=MOSI
Added Pin To Net: NetName=NetC1_1 Pin=C1-1
Added Pin To Net: NetName=NetC1_1 Pin=U2-6
Added Net: Name=NetC1_1
Added Pin To Net: NetName=NetLED1_1 Pin=LED1-1
Added Pin To Net: NetName=NetLED1_1 Pin=R1-2
Added Net: Name=NetLED1_1
Added Pin To Net: NetName=NetLED2_1 Pin=LED2-1
Added Pin To Net: NetName=NetLED2_1 Pin=R2-2
Added Net: Name=NetLED2_1
Added Pin To Net: NetName=NetLED3_1 Pin=LED3-1
Added Pin To Net: NetName=NetLED3_1 Pin=R3-2
Added Net: Name=NetLED3_1
Added Pin To Net: NetName=NetLED4_1 Pin=LED4-1
Added Pin To Net: NetName=NetLED4_1 Pin=R4-2
Added Net: Name=NetLED4_1
Added Pin To Net: NetName=NetLED5_1 Pin=LED5-1
Added Pin To Net: NetName=NetLED5_1 Pin=R5-2
Added Net: Name=NetLED5_1
Added Pin To Net: NetName=NSS Pin=Arduino1-D10
Added Pin To Net: NetName=NSS Pin=U1-15
Added Net: Name=NSS
Added Pin To Net: NetName=RESET Pin=Arduino1-RST
Added Pin To Net: NetName=RESET Pin=Arduino1-RST
Added Pin To Net: NetName=RESET Pin=U2-3
Added Net: Name=RESET
Added Pin To Net: NetName=RS Pin=Arduino1-D9
Added Pin To Net: NetName=RS Pin=U1-4
Added Net: Name=RS
Added Pin To Net: NetName=SCK Pin=Arduino1-D13
Added Pin To Net: NetName=SCK Pin=U1-12
Added Net: Name=SCK
Added Pin To Net: NetName=VCC Pin=Arduino1-5V
Added Net: Name=VCC
Added Class: Name=Sheet2
Added Room: Name=Sheet2
