Added Component: Designator=R1(RES-1/8WD)
Added Component: Designator=R2(RES-1/8WD)
Added Component: Designator=R3(RES-1/4W)
Added Component: Designator=R4(RES-1/4W)
Added Component: Designator=R5(RES-1/4W)
Added Pin To Net: NetName=NetQ1_1 Pin=R1-1
Added Pin To Net: NetName=D0 Pin=R1-2
Added Pin To Net: NetName=5V Pin=R2-1
Added Pin To Net: NetName=NetQ1_1 Pin=R2-2
Added Pin To Net: NetName=CO Pin=R3-1
Added Pin To Net: NetName=5V Pin=R3-2
Added Pin To Net: NetName=NH3 Pin=R4-1
Added Pin To Net: NetName=5V Pin=R4-2
Added Pin To Net: NetName=NO2 Pin=R5-1
Added Pin To Net: NetName=5V Pin=R5-2
Added Member To Class: ClassName=Sheet3 Member=Component R1 Res
Added Member To Class: ClassName=Sheet3 Member=Component R2 Res
Added Member To Class: ClassName=Sheet3 Member=Component R3 Res
Added Member To Class: ClassName=Sheet3 Member=Component R4 Res
Added Member To Class: ClassName=Sheet3 Member=Component R5 Res
Added Room: Name=Sheet3
